<?xml version="1.0" encoding="UTF-8"?>
<!-- Generated by org.testng.reporters.JUnitReportReporter -->
<testsuite skipped="0" hostname="INBLRNB0299" name="testngsnippet.TestNgPara" tests="1" failures="0" timestamp="22 May 2019 03:18:08 GMT" time="0.009" errors="0">
  <testcase name="f" time="0.009" classname="testngsnippet.TestNgPara"/>
</testsuite> <!-- testngsnippet.TestNgPara -->
