<?xml version="1.0" encoding="UTF-8"?>
<!-- Generated by org.testng.reporters.JUnitReportReporter -->
<testsuite skipped="0" hostname="INBLRNB0299" name="testngsnippet.TestNgPara" tests="3" failures="0" timestamp="23 Nov 2019 13:02:57 GMT" time="0.004" errors="0">
  <testcase name="f" time="0.002" classname="testngsnippet.TestNgPara"/>
  <testcase name="f" time="0.001" classname="testngsnippet.TestNgPara"/>
  <testcase name="f" time="0.001" classname="testngsnippet.TestNgPara"/>
</testsuite> <!-- testngsnippet.TestNgPara -->
