<?xml version="1.0" encoding="UTF-8"?>
<!-- Generated by org.testng.reporters.JUnitReportReporter -->
<testsuite skipped="1" hostname="INBLRNB0299" name="testngsnippet.SampleTCAnno" tests="7" failures="0" timestamp="31 Mar 2019 09:33:04 GMT" time="1.013" errors="1">
  <testcase name="f3" time="0.000" classname="testngsnippet.SampleTCAnno"/>
  <testcase name="f6" time="0.000" classname="testngsnippet.SampleTCAnno"/>
  <testcase name="f7" time="1.008" classname="testngsnippet.SampleTCAnno">
    <error type="org.testng.internal.thread.ThreadTimeoutException" message="Method testngsnippet.SampleTCAnno.f7() didn&#039;t finish within the time-out 1000">
      <![CDATA[org.testng.internal.thread.ThreadTimeoutException: Method testngsnippet.SampleTCAnno.f7() didn't finish within the time-out 1000
]]>
    </error>
  </testcase> <!-- f7 -->
  <testcase name="f4" time="0.000" classname="testngsnippet.SampleTCAnno"/>
  <testcase name="f2" time="0.000" classname="testngsnippet.SampleTCAnno"/>
  <testcase name="f1" time="0.005" classname="testngsnippet.SampleTCAnno"/>
  <testcase name="f5" classname="testngsnippet.SampleTCAnno">
    <skipped/>
  </testcase> <!-- f5 -->
</testsuite> <!-- testngsnippet.SampleTCAnno -->
