<?xml version="1.0" encoding="UTF-8"?>
<!-- Generated by org.testng.reporters.JUnitReportReporter -->
<testsuite skipped="0" hostname="INBLRNB0299" name="testngsnippet.TestNgTestCase2" tests="1" failures="0" timestamp="23 Nov 2019 13:02:57 GMT" time="0.001" errors="0">
  <testcase name="f8" time="0.001" classname="testngsnippet.TestNgTestCase2"/>
</testsuite> <!-- testngsnippet.TestNgTestCase2 -->
