<?xml version="1.0" encoding="UTF-8"?>
<!-- Generated by org.testng.reporters.JUnitReportReporter -->
<testsuite skipped="0" hostname="INBLRNB0299" name="testngsnippet.TestNgTestCase2" tests="1" failures="0" timestamp="31 Mar 2019 09:43:41 GMT" time="0.000" errors="0">
  <testcase name="f8" time="0.000" classname="testngsnippet.TestNgTestCase2"/>
</testsuite> <!-- testngsnippet.TestNgTestCase2 -->
