<?xml version="1.0" encoding="UTF-8"?>
<!-- Generated by org.testng.reporters.JUnitReportReporter -->
<testsuite skipped="0" hostname="INBLRNB0299" name="testngexamples.AccountSummaryLinkVerification" tests="4" failures="0" timestamp="02 Apr 2019 13:48:53 GMT" time="7.489" errors="0">
  <testcase name="verifyInvestmentAccountsLinks" time="2.453" classname="testngexamples.AccountSummaryLinkVerification"/>
  <testcase name="verifyCreditAccountsLinks" time="1.786" classname="testngexamples.AccountSummaryLinkVerification"/>
  <testcase name="verifyCreditAccountsLinks" time="1.699" classname="testngexamples.AccountSummaryLinkVerification"/>
  <testcase name="verifyLoanAccountsLinks" time="1.551" classname="testngexamples.AccountSummaryLinkVerification"/>
</testsuite> <!-- testngexamples.AccountSummaryLinkVerification -->
