<?xml version="1.0" encoding="UTF-8"?>
<!-- Generated by org.testng.reporters.JUnitReportReporter -->
<testsuite skipped="0" hostname="INBLRNB0299" name="testngsnippet.DataProviderExample" tests="4" failures="0" timestamp="22 May 2019 03:07:33 GMT" time="0.009" errors="0">
  <testcase name="f2" time="0.001" classname="testngsnippet.DataProviderExample"/>
  <testcase name="f2" time="0.002" classname="testngsnippet.DataProviderExample"/>
  <testcase name="f2" time="0.006" classname="testngsnippet.DataProviderExample"/>
  <testcase name="f2" time="0.000" classname="testngsnippet.DataProviderExample"/>
</testsuite> <!-- testngsnippet.DataProviderExample -->
