<?xml version="1.0" encoding="UTF-8"?>
<!-- Generated by org.testng.reporters.JUnitReportReporter -->
<testsuite skipped="0" hostname="INBLRNB0299" name="testngsnippet.Sample" tests="2" failures="0" timestamp="02 Apr 2019 14:58:12 GMT" time="0.009" errors="0">
  <testcase name="f" time="0.008" classname="testngsnippet.Sample"/>
  <testcase name="f" time="0.001" classname="testngsnippet.Sample"/>
</testsuite> <!-- testngsnippet.Sample -->
