<?xml version="1.0" encoding="UTF-8"?>
<!-- Generated by org.testng.reporters.JUnitReportReporter -->
<testsuite skipped="1" hostname="INBLRNB0299" name="testngsnippet.TestNgAnnotations" tests="6" failures="0" timestamp="30 Mar 2019 09:50:11 GMT" time="1.019" errors="1">
  <testcase name="f3" time="0.000" classname="testngsnippet.TestNgAnnotations"/>
  <testcase name="f5" time="0.010" classname="testngsnippet.TestNgAnnotations"/>
  <testcase name="f2" time="0.000" classname="testngsnippet.TestNgAnnotations"/>
  <testcase name="f1" time="0.001" classname="testngsnippet.TestNgAnnotations"/>
  <testcase name="f6" time="1.008" classname="testngsnippet.TestNgAnnotations">
    <error type="org.testng.internal.thread.ThreadTimeoutException" message="Method testngsnippet.TestNgAnnotations.f6() didn&#039;t finish within the time-out 1000">
      <![CDATA[org.testng.internal.thread.ThreadTimeoutException: Method testngsnippet.TestNgAnnotations.f6() didn't finish within the time-out 1000
]]>
    </error>
  </testcase> <!-- f6 -->
  <testcase name="f4" classname="testngsnippet.TestNgAnnotations">
    <skipped/>
  </testcase> <!-- f4 -->
</testsuite> <!-- testngsnippet.TestNgAnnotations -->
