<?xml version="1.0" encoding="UTF-8"?>
<!-- Generated by org.testng.reporters.JUnitReportReporter -->
<testsuite skipped="1" hostname="INBLRNB0299" name="sample.TestNgAnnotationExample" tests="7" failures="0" timestamp="06 May 2019 03:08:23 GMT" time="0.126" errors="1">
  <testcase name="f4" time="0.001" classname="sample.TestNgAnnotationExample"/>
  <testcase name="f1" time="0.007" classname="sample.TestNgAnnotationExample"/>
  <testcase name="f7" time="0.110" classname="sample.TestNgAnnotationExample">
    <error type="org.testng.internal.thread.ThreadTimeoutException" message="Method sample.TestNgAnnotationExample.f7() didn&#039;t finish within the time-out 100">
      <![CDATA[org.testng.internal.thread.ThreadTimeoutException: Method sample.TestNgAnnotationExample.f7() didn't finish within the time-out 100
]]>
    </error>
  </testcase> <!-- f7 -->
  <testcase name="f3" time="0.003" classname="sample.TestNgAnnotationExample"/>
  <testcase name="f6" time="0.001" classname="sample.TestNgAnnotationExample"/>
  <testcase name="f2" time="0.004" classname="sample.TestNgAnnotationExample"/>
  <testcase name="f5" classname="sample.TestNgAnnotationExample">
    <skipped/>
  </testcase> <!-- f5 -->
</testsuite> <!-- sample.TestNgAnnotationExample -->
