<?xml version="1.0" encoding="UTF-8"?>
<!-- Generated by org.testng.reporters.JUnitReportReporter -->
<testsuite skipped="0" hostname="INBLRNB0299" name="testngexamples.AccountSummaryLinkVerification" tests="4" failures="0" timestamp="13 Nov 2019 08:21:50 GMT" time="7.333" errors="0">
  <testcase name="verifyInvestmentAccountsLinks" time="2.997" classname="testngexamples.AccountSummaryLinkVerification"/>
  <testcase name="verifyCreditAccountsLinks" time="1.447" classname="testngexamples.AccountSummaryLinkVerification"/>
  <testcase name="verifyCreditAccountsLinks" time="1.439" classname="testngexamples.AccountSummaryLinkVerification"/>
  <testcase name="verifyLoanAccountsLinks" time="1.450" classname="testngexamples.AccountSummaryLinkVerification"/>
</testsuite> <!-- testngexamples.AccountSummaryLinkVerification -->
