<?xml version="1.0" encoding="UTF-8"?>
<!-- Generated by org.testng.reporters.JUnitReportReporter -->
<testsuite skipped="0" hostname="INBLRNB0299" name="testngsnippet.TestNgPara" tests="1" failures="0" timestamp="10 Nov 2019 06:32:27 GMT" time="0.004" errors="0">
  <testcase name="f" time="0.004" classname="testngsnippet.TestNgPara"/>
</testsuite> <!-- testngsnippet.TestNgPara -->
