<?xml version="1.0" encoding="UTF-8"?>
<!-- Generated by org.testng.reporters.JUnitReportReporter -->
<testsuite skipped="0" hostname="INBLRNB0299" name="testngexamples.AccountSummaryLinkVerification" tests="2" failures="0" timestamp="31 Mar 2019 10:14:02 GMT" time="3.765" errors="0">
  <testcase name="verifyInvestmentAccountsLinks" time="2.386" classname="testngexamples.AccountSummaryLinkVerification"/>
  <testcase name="verifyCreditAccountsLinks" time="1.379" classname="testngexamples.AccountSummaryLinkVerification"/>
</testsuite> <!-- testngexamples.AccountSummaryLinkVerification -->
