<?xml version="1.0" encoding="UTF-8"?>
<!-- Generated by org.testng.reporters.JUnitReportReporter -->
<testsuite skipped="0" hostname="INBLRNB0299" name="testngsnippet.TestNgDataProvider" tests="2" failures="0" timestamp="10 Nov 2019 06:32:27 GMT" time="0.003" errors="0">
  <testcase name="f" time="0.002" classname="testngsnippet.TestNgDataProvider"/>
  <testcase name="f" time="0.001" classname="testngsnippet.TestNgDataProvider"/>
</testsuite> <!-- testngsnippet.TestNgDataProvider -->
