<?xml version="1.0" encoding="UTF-8"?>
<!-- Generated by org.testng.reporters.JUnitReportReporter -->
<testsuite skipped="0" hostname="INBLRNB0299" name="sample.DataProviderExample" tests="2" failures="0" timestamp="16 May 2019 03:02:05 GMT" time="0.010" errors="0">
  <testcase name="f" time="0.008" classname="sample.DataProviderExample"/>
  <testcase name="f" time="0.002" classname="sample.DataProviderExample"/>
</testsuite> <!-- sample.DataProviderExample -->
